<?xml version="1.0" encoding="UTF-8"?>
<testng-results skipped="0" failed="0" ignored="0" total="1" passed="1">
  <reporter-output>
  </reporter-output>
  <suite name="Default suite" duration-ms="4626" started-at="2020-06-24T01:54:58 IST" finished-at="2020-06-24T01:55:02 IST">
    <groups>
    </groups>
    <test name="Default test" duration-ms="4626" started-at="2020-06-24T01:54:58 IST" finished-at="2020-06-24T01:55:02 IST">
      <class name="serviceRequest.getData">
        <test-method status="PASS" signature="getResposeData()[pri:0, instance:serviceRequest.getData@551aa95a]" name="getResposeData" duration-ms="4541" started-at="2020-06-24T01:54:58 IST" finished-at="2020-06-24T01:55:02 IST">
          <reporter-output>
          </reporter-output>
        </test-method> <!-- getResposeData -->
      </class> <!-- serviceRequest.getData -->
    </test> <!-- Default test -->
  </suite> <!-- Default suite -->
</testng-results>
